<?xml version="1.0" encoding="UTF-8"?>
<testsuite name="com.example.muvkintours.FirebaseMealActivityTest" tests="1" skipped="0" failures="0" errors="0" timestamp="2022-06-15T10:35:16" hostname="moringa-HP-EliteBook-840-G5" time="5.029">
  <properties/>
  <testcase name="checkWelcomeText" classname="com.example.muvkintours.FirebaseMealActivityTest" time="5.029"/>
  <system-out><![CDATA[resources.arsc in APK '/home/moringa/.m2/repository/org/robolectric/android-all-instrumented/12.1-robolectric-8229987-i4/android-all-instrumented-12.1-robolectric-8229987-i4.jar' is compressed.
]]></system-out>
  <system-err><![CDATA[[WARN] Unknown chunk type '200'.
]]></system-err>
</testsuite>
