<?xml version="1.0" encoding="UTF-8"?>
<testsuite name="com.example.muvkintours.MainActivityTest" tests="6" skipped="0" failures="0" errors="0" timestamp="2022-06-07T11:49:25" hostname="moringa-HP-EliteBook-840-G5" time="10.87">
  <properties/>
  <testcase name="getUserNameEditTextHint_ReturnsString" classname="com.example.muvkintours.MainActivityTest" time="8.933"/>
  <testcase name="getUserPhoneEditTextHint_ReturnsString" classname="com.example.muvkintours.MainActivityTest" time="0.466"/>
  <testcase name="getText_ReturnsString" classname="com.example.muvkintours.MainActivityTest" time="0.329"/>
  <testcase name="checkAppLogo_returnsAppLogo" classname="com.example.muvkintours.MainActivityTest" time="0.307"/>
  <testcase name="getLoginButtonText_ReturnsString" classname="com.example.muvkintours.MainActivityTest" time="0.449"/>
  <testcase name="getSignUpButtonText_ReturnsString" classname="com.example.muvkintours.MainActivityTest" time="0.384"/>
  <system-out><![CDATA[resources.arsc in APK '/home/moringa/.m2/repository/org/robolectric/android-all-instrumented/12.1-robolectric-8229987-i4/android-all-instrumented-12.1-robolectric-8229987-i4.jar' is compressed.
]]></system-out>
  <system-err><![CDATA[[WARN] Unknown chunk type '200'.
System.logW: No Compatibility callbacks set! Querying change 171228096
System.logW: No Compatibility callbacks set! Querying change 171228096
System.logW: No Compatibility callbacks set! Querying change 171228096
System.logW: No Compatibility callbacks set! Querying change 171228096
System.logW: No Compatibility callbacks set! Querying change 171228096
System.logW: No Compatibility callbacks set! Querying change 171228096
System.logW: No Compatibility callbacks set! Querying change 171228096
System.logW: No Compatibility callbacks set! Querying change 171228096
System.logW: No Compatibility callbacks set! Querying change 171228096
System.logW: No Compatibility callbacks set! Querying change 171228096
System.logW: No Compatibility callbacks set! Querying change 171228096
System.logW: No Compatibility callbacks set! Querying change 171228096
]]></system-err>
</testsuite>
