<?xml version="1.0" encoding="UTF-8"?>
<testsuite name="com.example.muvkintours.MainActivityTest" tests="1" skipped="0" failures="0" errors="0" timestamp="2022-05-30T08:51:27" hostname="moringa-HP-EliteBook-840-G5" time="6.514">
  <properties/>
  <testcase name="checkAppLogo_returnsAppLogo" classname="com.example.muvkintours.MainActivityTest" time="6.514"/>
  <system-out><![CDATA[resources.arsc in APK '/home/moringa/.m2/repository/org/robolectric/android-all-instrumented/12.1-robolectric-8229987-i4/android-all-instrumented-12.1-robolectric-8229987-i4.jar' is compressed.
]]></system-out>
  <system-err><![CDATA[[WARN] Unknown chunk type '200'.
System.logW: No Compatibility callbacks set! Querying change 171228096
System.logW: No Compatibility callbacks set! Querying change 171228096
]]></system-err>
</testsuite>
