<?xml version='1.0' encoding='UTF-8' ?>
<testsuite name="com.example.muvkintours.MealActivityInstrumentedTest" tests="1" failures="1" errors="0" skipped="0" time="2.808" timestamp="2022-05-30T11:46:17" hostname="localhost">
  <properties>
    <property name="device" value="SM-G532F - 6.0.1" />
    <property name="flavor" value="" />
    <property name="project" value=":app" />
  </properties>
  <testcase name="clickMealItem" classname="com.example.muvkintours.MealActivityInstrumentedTest" time="1.002">
    <failure>androidx.test.espresso.AmbiguousViewMatcherException: '(is descendant of a view matching view.getId() is &lt;2131362011/com.example.muvkintours:id/grid&gt; and view.getClass().getName() matches: a string ending with "ConstraintLayout")' matches multiple views in the hierarchy.
Problem views are marked with '****MATCHES****' below.

View Hierarchy:
+&gt;DecorView{id=-1, visibility=VISIBLE, width=540, height=960, has-focus=true, has-focusable=true, has-window-focus=true, is-clickable=false, is-enabled=true, is-focused=false, is-focusable=false, is-layout-requested=false, is-selected=false, layout-params=WM.LayoutParams{(0,0)(fillxfill) ty=1 fl=#81810100 wanim=0x103045b needsMenuKey=2}, tag=null, root-is-layout-requested=false, has-input-connection=false, x=0.0, y=0.0, child-count=2}
|
+-&gt;LinearLayout{id=-1, visibility=VISIBLE, width=540, height=960, has-focus=true, has-focusable=true, has-window-focus=true, is-clickable=false, is-enabled=true, is-focused=false, is-focusable=false, is-layout-requested=false, is-selected=false, layout-params=android.widget.FrameLayout$LayoutParams&#64;e82a9ce, tag=null, root-is-layout-requested=false, has-input-connection=false, x=0.0, y=0.0, child-count=2}
|
+--&gt;ViewStub{id=16909432, res-name=action_mode_bar_stub, visibility=GONE, width=0, height=0, has-focus=false, has-focusable=false, has-window-focus=true, is-clickable=false, is-enabled=true, is-focused=false, is-focusable=false, is-layout-requested=true, is-selected=false, layout-params=android.widget.LinearLayout$LayoutParams&#64;b340ef, tag=null, root-is-layout-requested=false, has-input-connection=false, x=0.0, y=0.0}
|
+--&gt;FrameLayout{id=-1, visibility=VISIBLE, width=540, height=924, has-focus=true, has-focusable=true, has-window-focus=true, is-clickable=false, is-enabled=true, is-focused=false, is-focusable=false, is-layout-requested=false, is-selected=false, layout-params=android.widget.LinearLayout$LayoutParams&#64;7af7e85, tag=null, root-is-layout-requested=false, has-input-connection=false, x=0.0, y=36.0, child-count=1}
|
+---&gt;ActionBarOverlayLayout{id=2131361937, res-name=decor_content_parent, visibility=VISIBLE, width=540, height=924, has-focus=true, has-focusable=true, has-window-focus=true, is-clickable=false, is-enabled=true, is-focused=false, is-focusable=false, is-layout-requested=false, is-selected=false, layout-params=android.widget.FrameLayout$LayoutParams&#64;df347e8, tag=null, root-is-layout-requested=false, has-input-connection=false, x=0.0, y=0.0, child-count=2}
|
+----&gt;ContentFrameLayout{id=16908290, res-name=content, visibility=VISIBLE, width=540, height=840, has-focus=true, has-focusable=true, has-window-focus=true, is-clickable=false, is-enabled=true, is-focused=false, is-focusable=false, is-layout-requested=false, is-selected=false, layout-params=androidx.appcompat.widget.ActionBarOverlayLayout$LayoutParams&#64;6b624a6, tag=null, root-is-layout-requested=false, has-input-connection=false, x=0.0, y=84.0, child-count=1}
|
+-----&gt;RelativeLayout{id=-1, visibility=VISIBLE, width=540, height=840, has-focus=true, has-focusable=true, has-window-focus=true, is-clickable=false, is-enabled=true, is-focused=false, is-focusable=false, is-layout-requested=false, is-selected=false, layout-params=android.widget.FrameLayout$LayoutParams&#64;dc3f93d, tag=null, root-is-layout-requested=false, has-input-connection=false, x=0.0, y=0.0, child-count=2}
|
+------&gt;MaterialTextView{id=2131362083, res-name=mealText, visibility=VISIBLE, width=456, height=71, has-focus=false, has-focusable=false, has-window-focus=true, is-clickable=false, is-enabled=true, is-focused=false, is-focusable=false, is-layout-requested=false, is-selected=false, layout-params=android.widget.RelativeLayout$LayoutParams&#64;48fe532, tag=null, root-is-layout-requested=false, has-input-connection=false, x=42.0, y=42.0, text=Welcome to the list of our available meals null, input-type=0, ime-target=false, has-links=false}
|
+------&gt;GridView{id=2131362011, res-name=grid, visibility=VISIBLE, width=516, height=685, has-focus=true, has-focusable=true, has-window-focus=true, is-clickable=true, is-enabled=true, is-focused=true, is-focusable=true, is-layout-requested=false, is-selected=false, layout-params=android.widget.RelativeLayout$LayoutParams&#64;fc60283, tag=null, root-is-layout-requested=false, has-input-connection=false, x=12.0, y=143.0, child-count=12}
|
+-------&gt;ConstraintLayout{id=2131362012, res-name=gridLayout, visibility=VISIBLE, width=107, height=211, has-focus=false, has-focusable=false, has-window-focus=true, is-clickable=false, is-enabled=true, is-focused=false, is-focusable=false, is-layout-requested=false, is-selected=false, layout-params=android.widget.AbsListView$LayoutParams&#64;6dc43df, tag=null, root-is-layout-requested=false, has-input-connection=false, x=48.0, y=0.0, child-count=3} ****MATCHES****
|
+--------&gt;MaterialTextView{id=2131362081, res-name=mealName, visibility=VISIBLE, width=63, height=44, has-focus=false, has-focusable=false, has-window-focus=true, is-clickable=false, is-enabled=true, is-focused=false, is-focusable=false, is-layout-requested=false, is-selected=false, layout-params=androidx.constraintlayout.widget.ConstraintLayout$LayoutParams&#64;5f1082c, tag=null, root-is-layout-requested=false, has-input-connection=false, x=22.0, y=0.0, text=Pilau, input-type=0, ime-target=false, has-links=false}
|
+--------&gt;ShapeableImageView{id=2131362080, res-name=mealImage, visibility=VISIBLE, width=107, height=107, has-focus=false, has-focusable=false, has-window-focus=true, is-clickable=false, is-enabled=true, is-focused=false, is-focusable=false, is-layout-requested=false, is-selected=false, layout-params=androidx.constraintlayout.widget.ConstraintLayout$LayoutParams&#64;62612f5, tag=null, root-is-layout-requested=false, has-input-connection=false, x=0.0, y=44.0}
|
+--------&gt;MaterialTextView{id=2131362082, res-name=mealPrice, visibility=VISIBLE, width=107, height=60, has-focus=false, has-focusable=false, has-window-focus=true, is-clickable=false, is-enabled=true, is-focused=false, is-focusable=false, is-layout-requested=false, is-selected=false, layout-params=androidx.constraintlayout.widget.ConstraintLayout$LayoutParams&#64;67ae88a, tag=null, root-is-layout-requested=false, has-input-connection=false, x=0.0, y=151.0, text=Price: ksh.350, input-type=0, ime-target=false, has-links=false}
|
+-------&gt;ConstraintLayout{id=2131362012, res-name=gridLayout, visibility=VISIBLE, width=107, height=211, has-focus=false, has-focusable=false, has-window-focus=true, is-clickable=false, is-enabled=true, is-focused=false, is-focusable=false, is-layout-requested=false, is-selected=false, layout-params=android.widget.AbsListView$LayoutParams&#64;d270356, tag=null, root-is-layout-requested=false, has-input-connection=false, x=203.0, y=0.0, child-count=3} ****MATCHES****
|
+--------&gt;MaterialTextView{id=2131362081, res-name=mealName, visibility=VISIBLE, width=52, height=44, has-focus=false, has-focusable=false, has-window-focus=true, is-clickable=false, is-enabled=true, is-focused=false, is-focusable=false, is-layout-requested=false, is-selected=false, layout-params=androidx.constraintlayout.widget.ConstraintLayout$LayoutParams&#64;724cfd7, tag=null, root-is-layout-requested=false, has-input-connection=false, x=28.0, y=0.0, text=Rice, input-type=0, ime-target=false, has-links=false}
|
+--------&gt;ShapeableImageView{id=2131362080, res-name=mealImage, visibility=VISIBLE, width=107, height=107, has-focus=false, has-focusable=false, has-window-focus=true, is-clickable=false, is-enabled=true, is-focused=false, is-focusable=false, is-layout-requested=false, is-selected=false, layout-params=androidx.constraintlayout.widget.ConstraintLayout$LayoutParams&#64;94a30c4, tag=null, root-is-layout-requested=false, has-input-connection=false, x=0.0, y=44.0}
|
+--------&gt;MaterialTextView{id=2131362082, res-name=mealPrice, visibility=VISIBLE, width=107, height=60, has-focus=false, has-focusable=false, has-window-focus=true, is-clickable=false, is-enabled=true, is-focused=false, is-focusable=false, is-layout-requested=false, is-selected=false, layout-params=androidx.constraintlayout.widget.ConstraintLayout$LayoutParams&#64;b0aabad, tag=null, root-is-layout-requested=false, has-input-connection=false, x=0.0, y=151.0, text=Price: ksh.350, input-type=0, ime-target=false, has-links=false}
|
+-------&gt;ConstraintLayout{id=2131362012, res-name=gridLayout, visibility=VISIBLE, width=107, height=211, has-focus=false, has-focusable=false, has-window-focus=true, is-clickable=false, is-enabled=true, is-focused=false, is-focusable=false, is-layout-requested=false, is-selected=false, layout-params=android.widget.AbsListView$LayoutParams&#64;95355a9, tag=null, root-is-layout-requested=false, has-input-connection=false, x=358.0, y=0.0, child-count=3} ****MATCHES****
|
+--------&gt;MaterialTextView{id=2131362081, res-name=mealName, visibility=VISIBLE, width=87, height=44, has-focus=false, has-focusable=false, has-window-focus=true, is-clickable=false, is-enabled=true, is-focused=false, is-focusable=false, is-layout-requested=false, is-selected=false, layout-params=androidx.constraintlayout.widget.ConstraintLayout$LayoutParams&#64;64b272e, tag=null, root-is-layout-requested=false, has-input-connection=false, x=10.0, y=0.0, text=Githeri, input-type=0, ime-target=false, has-links=false}
|
+--------&gt;ShapeableImageView{id=2131362080, res-name=mealImage, visibility=VISIBLE, width=107, height=107, has-focus=false, has-focusable=false, has-window-focus=true, is-clickable=false, is-enabled=true, is-focused=false, is-focusable=false, is-layout-requested=false, is-selected=false, layout-params=androidx.constraintlayout.widget.ConstraintLayout$LayoutParams&#64;f83e2cf, tag=null, root-is-layout-requested=false, has-input-connection=false, x=0.0, y=44.0}
|
+--------&gt;MaterialTextView{id=2131362082, res-name=mealPrice, visibility=VISIBLE, width=107, height=60, has-focus=false, has-focusable=false, has-window-focus=true, is-clickable=false, is-enabled=true, is-focused=false, is-focusable=false, is-layout-requested=false, is-selected=false, layout-params=androidx.constraintlayout.widget.ConstraintLayout$LayoutParams&#64;55cd45c, tag=null, root-is-layout-requested=false, has-input-connection=false, x=0.0, y=151.0, text=Price: ksh.350, input-type=0, ime-target=false, has-links=false}
|
+-------&gt;ConstraintLayout{id=2131362012, res-name=gridLayout, visibility=VISIBLE, width=107, height=211, has-focus=false, has-focusable=false, has-window-focus=true, is-clickable=false, is-enabled=true, is-focused=false, is-focusable=false, is-layout-requested=false, is-selected=false, layout-params=android.widget.AbsListView$LayoutParams&#64;110da48, tag=null, root-is-layout-requested=false, has-input-connection=false, x=48.0, y=211.0, child-count=3} ****MATCHES****
|
+--------&gt;MaterialTextView{id=2131362081, res-name=mealName, visibility=VISIBLE, width=64, height=44, has-focus=false, has-focusable=false, has-window-focus=true, is-clickable=false, is-enabled=true, is-focused=false, is-focusable=false, is-layout-requested=false, is-selected=false, layout-params=androidx.constraintlayout.widget.ConstraintLayout$LayoutParams&#64;25f10e1, tag=null, root-is-layout-requested=false, has-input-connection=false, x=22.0, y=0.0, text=Ugali, input-type=0, ime-target=false, has-links=false}
|
+--------&gt;ShapeableImageView{id=2131362080, res-name=mealImage, visibility=VISIBLE, width=107, height=107, has-focus=false, has-focusable=false, has-window-focus=true, is-clickable=false, is-enabled=true, is-focused=false, is-focusable=false, is-layout-requested=false, is-selected=false, layout-params=androidx.constraintlayout.widget.ConstraintLayout$LayoutParams&#64;8a4ee06, tag=null, root-is-layout-requested=false, has-input-connection=false, x=0.0, y=44.0}
|
+--------&gt;MaterialTextView{id=2131362082, res-name=mealPrice, visibility=VISIBLE, width=107, height=60, has-focus=false, has-focusable=false, has-window-focus=true, is-clickable=false, is-enabled=true, is-focused=false, is-focusable=false, is-layout-requested=false, is-selected=false, layout-params=androidx.constraintlayout.widget.ConstraintLayout$LayoutParams&#64;d635cc7, tag=null, root-is-layout-requested=false, has-input-connection=false, x=0.0, y=151.0, text=Price: ksh.350, input-type=0, ime-target=false, has-links=false}
|
+-------&gt;ConstraintLayout{id=2131362012, res-name=gridLayout, visibility=VISIBLE, width=107, height=211, has-focus=false, has-focusable=false, has-window-focus=true, is-clickable=false, is-enabled=true, is-focused=false, is-focusable=false, is-layout-requested=false, is-selected=false, layout-params=android.widget.AbsListView$LayoutParams&#64;3aefe63, tag=null, root-is-layout-requested=false, has-input-connection=false, x=203.0, y=211.0, child-count=3} ****MATCHES****
|
+--------&gt;MaterialTextView{id=2131362081, res-name=mealName, visibility=VISIBLE, width=100, height=44, has-focus=false, has-focusable=false, has-window-focus=true, is-clickable=false, is-enabled=true, is-focused=false, is-focusable=false, is-layout-requested=false, is-selected=false, layout-params=androidx.constraintlayout.widget.ConstraintLayout$LayoutParams&#64;696aa60, tag=null, root-is-layout-requested=false, has-input-connection=false, x=4.0, y=0.0, text=Mokimo, input-type=0, ime-target=false, has-links=false}
|
+--------&gt;ShapeableImageView{id=2131362080, res-name=mealImage, visibility=VISIBLE, width=107, height=107, has-focus=false, has-focusable=false, has-window-focus=true, is-clickable=false, is-enabled=true, is-focused=false, is-focusable=false, is-layout-requested=false, is-selected=false, layout-params=androidx.constraintlayout.widget.ConstraintLayout$LayoutParams&#64;c4ffb19, tag=null, root-is-layout-requested=false, has-input-connection=false, x=0.0, y=44.0}
|
+--------&gt;MaterialTextView{id=2131362082, res-name=mealPrice, visibility=VISIBLE, width=107, height=60, has-focus=false, has-focusable=false, has-window-focus=true, is-clickable=false, is-enabled=true, is-focused=false, is-focusable=false, is-layout-requested=false, is-selected=false, layout-params=androidx.constraintlayout.widget.ConstraintLayout$LayoutParams&#64;ae5b7de, tag=null, root-is-layout-requested=false, has-input-connection=false, x=0.0, y=151.0, text=Price: ksh.350, input-type=0, ime-target=false, has-links=false}
|
+-------&gt;ConstraintLayout{id=2131362012, res-name=gridLayout, visibility=VISIBLE, width=107, height=211, has-focus=false, has-focusable=false, has-window-focus=true, is-clickable=false, is-enabled=true, is-focused=false, is-focusable=false, is-layout-requested=false, is-selected=false, layout-params=android.widget.AbsListView$LayoutParams&#64;91173ea, tag=null, root-is-layout-requested=false, has-input-connection=false, x=358.0, y=211.0, child-count=3} ****MATCHES****
|
+--------&gt;MaterialTextView{id=2131362081, res-name=mealName, visibility=VISIBLE, width=92, height=44, has-focus=false, has-focusable=false, has-window-focus=true, is-clickable=false, is-enabled=true, is-focused=false, is-focusable=false, is-layout-requested=false, is-selected=false, layout-params=androidx.constraintlayout.widget.ConstraintLayout$LayoutParams&#64;ebbd6db, tag=null, root-is-layout-requested=false, has-input-connection=false, x=8.0, y=0.0, text=Guavas, input-type=0, ime-target=false, has-links=false}
|
+--------&gt;ShapeableImageView{id=2131362080, res-name=mealImage, visibility=VISIBLE, width=107, height=107, has-focus=false, has-focusable=false, has-window-focus=true, is-clickable=false, is-enabled=true, is-focused=false, is-focusable=false, is-layout-requested=false, is-selected=false, layout-params=androidx.constraintlayout.widget.ConstraintLayout$LayoutParams&#64;9d36578, tag=null, root-is-layout-requested=false, has-input-connection=false, x=0.0, y=44.0}
|
+--------&gt;MaterialTextView{id=2131362082, res-name=mealPrice, visibility=VISIBLE, width=107, height=60, has-focus=false, has-focusable=false, has-window-focus=true, is-clickable=false, is-enabled=true, is-focused=false, is-focusable=false, is-layout-requested=false, is-selected=false, layout-params=androidx.constraintlayout.widget.ConstraintLayout$LayoutParams&#64;abcf451, tag=null, root-is-layout-requested=false, has-input-connection=false, x=0.0, y=151.0, text=Price: ksh.350, input-type=0, ime-target=false, has-links=false}
|
+-------&gt;ConstraintLayout{id=2131362012, res-name=gridLayout, visibility=VISIBLE, width=107, height=211, has-focus=false, has-focusable=false, has-window-focus=true, is-clickable=false, is-enabled=true, is-focused=false, is-focusable=false, is-layout-requested=false, is-selected=false, layout-params=android.widget.AbsListView$LayoutParams&#64;20b848d, tag=null, root-is-layout-requested=false, has-input-connection=false, x=48.0, y=422.0, child-count=3} ****MATCHES****
|
+--------&gt;MaterialTextView{id=2131362081, res-name=mealName, visibility=VISIBLE, width=52, height=44, has-focus=false, has-focusable=false, has-window-focus=true, is-clickable=false, is-enabled=true, is-focused=false, is-focusable=false, is-layout-requested=false, is-selected=false, layout-params=androidx.constraintlayout.widget.ConstraintLayout$LayoutParams&#64;3589642, tag=null, root-is-layout-requested=false, has-input-connection=false, x=28.0, y=0.0, text=Rice, input-type=0, ime-target=false, has-links=false}
|
+--------&gt;ShapeableImageView{id=2131362080, res-name=mealImage, visibility=VISIBLE, width=107, height=107, has-focus=false, has-focusable=false, has-window-focus=true, is-clickable=false, is-enabled=true, is-focused=false, is-focusable=false, is-layout-requested=false, is-selected=false, layout-params=androidx.constraintlayout.widget.ConstraintLayout$LayoutParams&#64;38c4653, tag=null, root-is-layout-requested=false, has-input-connection=false, x=0.0, y=44.0}
|
+--------&gt;MaterialTextView{id=2131362082, res-name=mealPrice, visibility=VISIBLE, width=107, height=60, has-focus=false, has-focusable=false, has-window-focus=true, is-clickable=false, is-enabled=true, is-focused=false, is-focusable=false, is-layout-requested=false, is-selected=false, layout-params=androidx.constraintlayout.widget.ConstraintLayout$LayoutParams&#64;7596b90, tag=null, root-is-layout-requested=false, has-input-connection=false, x=0.0, y=151.0, text=Price: ksh.350, input-type=0, ime-target=false, has-links=false}
|
+-------&gt;ConstraintLayout{id=2131362012, res-name=gridLayout, visibility=VISIBLE, width=107, height=211, has-focus=false, has-focusable=false, has-window-focus=true, is-clickable=false, is-enabled=true, is-focused=false, is-focusable=false, is-layout-requested=false, is-selected=false, layout-params=android.widget.AbsListView$LayoutParams&#64;511b0bc, tag=null, root-is-layout-requested=false, has-input-connection=false, x=203.0, y=422.0, child-count=3} ****MATCHES****
|
+--------&gt;MaterialTextView{id=2131362081, res-name=mealName, visibility=VISIBLE, width=52, height=44, has-focus=false, has-focusable=false, has-window-focus=true, is-clickable=false, is-enabled=true, is-focused=false, is-focusable=false, is-layout-requested=false, is-selected=false, layout-params=androidx.constraintlayout.widget.ConstraintLayout$LayoutParams&#64;9c9b845, tag=null, root-is-layout-requested=false, has-input-connection=false, x=28.0, y=0.0, text=Rice, input-type=0, ime-target=false, has-links=false}
|
+--------&gt;ShapeableImageView{id=2131362080, res-name=mealImage, visibility=VISIBLE, width=107, height=107, has-focus=false, has-focusable=false, has-window-focus=true, is-clickable=false, is-enabled=true, is-focused=false, is-focusable=false, is-layout-requested=false, is-selected=false, layout-params=androidx.constraintlayout.widget.ConstraintLayout$LayoutParams&#64;b66ab9a, tag=null, root-is-layout-requested=false, has-input-connection=false, x=0.0, y=44.0}
|
+--------&gt;MaterialTextView{id=2131362082, res-name=mealPrice, visibility=VISIBLE, width=107, height=60, has-focus=false, has-focusable=false, has-window-focus=true, is-clickable=false, is-enabled=true, is-focused=false, is-focusable=false, is-layout-requested=false, is-selected=false, layout-params=androidx.constraintlayout.widget.ConstraintLayout$LayoutParams&#64;61c2ccb, tag=null, root-is-layout-requested=false, has-input-connection=false, x=0.0, y=151.0, text=Price: ksh.350, input-type=0, ime-target=false, has-links=false}
|
+-------&gt;ConstraintLayout{id=2131362012, res-name=gridLayout, visibility=VISIBLE, width=107, height=211, has-focus=false, has-focusable=false, has-window-focus=true, is-clickable=false, is-enabled=true, is-focused=false, is-focusable=false, is-layout-requested=false, is-selected=false, layout-params=android.widget.AbsListView$LayoutParams&#64;f3ecaa7, tag=null, root-is-layout-requested=false, has-input-connection=false, x=358.0, y=422.0, child-count=3} ****MATCHES****
|
+--------&gt;MaterialTextView{id=2131362081, res-name=mealName, visibility=VISIBLE, width=52, height=44, has-focus=false, has-focusable=false, has-window-focus=true, is-clickable=false, is-enabled=true, is-focused=false, is-focusable=false, is-layout-requested=false, is-selected=false, layout-params=androidx.constraintlayout.widget.ConstraintLayout$LayoutParams&#64;3a55b54, tag=null, root-is-layout-requested=false, has-input-connection=false, x=28.0, y=0.0, text=Rice, input-type=0, ime-target=false, has-links=false}
|
+--------&gt;ShapeableImageView{id=2131362080, res-name=mealImage, visibility=VISIBLE, width=107, height=107, has-focus=false, has-focusable=false, has-window-focus=true, is-clickable=false, is-enabled=true, is-focused=false, is-focusable=false, is-layout-requested=false, is-selected=false, layout-params=androidx.constraintlayout.widget.ConstraintLayout$LayoutParams&#64;633aafd, tag=null, root-is-layout-requested=false, has-input-connection=false, x=0.0, y=44.0}
|
+--------&gt;MaterialTextView{id=2131362082, res-name=mealPrice, visibility=VISIBLE, width=107, height=60, has-focus=false, has-focusable=false, has-window-focus=true, is-clickable=false, is-enabled=true, is-focused=false, is-focusable=false, is-layout-requested=false, is-selected=false, layout-params=androidx.constraintlayout.widget.ConstraintLayout$LayoutParams&#64;ec713f2, tag=null, root-is-layout-requested=false, has-input-connection=false, x=0.0, y=151.0, text=Price: ksh.350, input-type=0, ime-target=false, has-links=false}
|
+-------&gt;ConstraintLayout{id=2131362012, res-name=gridLayout, visibility=VISIBLE, width=107, height=211, has-focus=false, has-focusable=false, has-window-focus=true, is-clickable=false, is-enabled=true, is-focused=false, is-focusable=false, is-layout-requested=false, is-selected=false, layout-params=android.widget.AbsListView$LayoutParams&#64;82e7d3e, tag=null, root-is-layout-requested=false, has-input-connection=false, x=48.0, y=633.0, child-count=3} ****MATCHES****
|
+--------&gt;MaterialTextView{id=2131362081, res-name=mealName, visibility=VISIBLE, width=52, height=44, has-focus=false, has-focusable=false, has-window-focus=true, is-clickable=false, is-enabled=true, is-focused=false, is-focusable=false, is-layout-requested=false, is-selected=false, layout-params=androidx.constraintlayout.widget.ConstraintLayout$LayoutParams&#64;1e8679f, tag=null, root-is-layout-requested=false, has-input-connection=false, x=28.0, y=0.0, text=Rice, input-type=0, ime-target=false, has-links=false}
|
+--------&gt;ShapeableImageView{id=2131362080, res-name=mealImage, visibility=VISIBLE, width=107, height=107, has-focus=false, has-focusable=false, has-window-focus=true, is-clickable=false, is-enabled=true, is-focused=false, is-focusable=false, is-layout-requested=false, is-selected=false, layout-params=androidx.constraintlayout.widget.ConstraintLayout$LayoutParams&#64;380c0ec, tag=null, root-is-layout-requested=false, has-input-connection=false, x=0.0, y=44.0}
|
+--------&gt;MaterialTextView{id=2131362082, res-name=mealPrice, visibility=VISIBLE, width=107, height=60, has-focus=false, has-focusable=false, has-window-focus=true, is-clickable=false, is-enabled=true, is-focused=false, is-focusable=false, is-layout-requested=false, is-selected=false, layout-params=androidx.constraintlayout.widget.ConstraintLayout$LayoutParams&#64;b223cb5, tag=null, root-is-layout-requested=false, has-input-connection=false, x=0.0, y=151.0, text=Price: ksh.350, input-type=0, ime-target=false, has-links=false}
|
+-------&gt;ConstraintLayout{id=2131362012, res-name=gridLayout, visibility=VISIBLE, width=107, height=211, has-focus=false, has-focusable=false, has-window-focus=true, is-clickable=false, is-enabled=true, is-focused=false, is-focusable=false, is-layout-requested=false, is-selected=false, layout-params=android.widget.AbsListView$LayoutParams&#64;206ef31, tag=null, root-is-layout-requested=false, has-input-connection=false, x=203.0, y=633.0, child-count=3} ****MATCHES****
|
+--------&gt;MaterialTextView{id=2131362081, res-name=mealName, visibility=VISIBLE, width=52, height=44, has-focus=false, has-focusable=false, has-window-focus=true, is-clickable=false, is-enabled=true, is-focused=false, is-focusable=false, is-layout-requested=false, is-selected=false, layout-params=androidx.constraintlayout.widget.ConstraintLayout$LayoutParams&#64;abaf616, tag=null, root-is-layout-requested=false, has-input-connection=false, x=28.0, y=0.0, text=Rice, input-type=0, ime-target=false, has-links=false}
|
+--------&gt;ShapeableImageView{id=2131362080, res-name=mealImage, visibility=VISIBLE, width=107, height=107, has-focus=false, has-focusable=false, has-window-focus=true, is-clickable=false, is-enabled=true, is-focused=false, is-focusable=false, is-layout-requested=false, is-selected=false, layout-params=androidx.constraintlayout.widget.ConstraintLayout$LayoutParams&#64;399ab97, tag=null, root-is-layout-requested=false, has-input-connection=false, x=0.0, y=44.0}
|
+--------&gt;MaterialTextView{id=2131362082, res-name=mealPrice, visibility=VISIBLE, width=107, height=60, has-focus=false, has-focusable=false, has-window-focus=true, is-clickable=false, is-enabled=true, is-focused=false, is-focusable=false, is-layout-requested=false, is-selected=false, layout-params=androidx.constraintlayout.widget.ConstraintLayout$LayoutParams&#64;8804184, tag=null, root-is-layout-requested=false, has-input-connection=false, x=0.0, y=151.0, text=Price: ksh.350, input-type=0, ime-target=false, has-links=false}
|
+-------&gt;ConstraintLayout{id=2131362012, res-name=gridLayout, visibility=VISIBLE, width=107, height=211, has-focus=false, has-focusable=false, has-window-focus=true, is-clickable=false, is-enabled=true, is-focused=false, is-focusable=false, is-layout-requested=false, is-selected=false, layout-params=android.widget.AbsListView$LayoutParams&#64;881f1f0, tag=null, root-is-layout-requested=false, has-input-connection=false, x=358.0, y=633.0, child-count=3} ****MATCHES****
|
+--------&gt;MaterialTextView{id=2131362081, res-name=mealName, visibility=VISIBLE, width=52, height=44, has-focus=false, has-focusable=false, has-window-focus=true, is-clickable=false, is-enabled=true, is-focused=false, is-focusable=false, is-layout-requested=false, is-selected=false, layout-params=androidx.constraintlayout.widget.ConstraintLayout$LayoutParams&#64;6ab5369, tag=null, root-is-layout-requested=false, has-input-connection=false, x=28.0, y=0.0, text=Rice, input-type=0, ime-target=false, has-links=false}
|
+--------&gt;ShapeableImageView{id=2131362080, res-name=mealImage, visibility=VISIBLE, width=107, height=107, has-focus=false, has-focusable=false, has-window-focus=true, is-clickable=false, is-enabled=true, is-focused=false, is-focusable=false, is-layout-requested=false, is-selected=false, layout-params=androidx.constraintlayout.widget.ConstraintLayout$LayoutParams&#64;692b1ee, tag=null, root-is-layout-requested=false, has-input-connection=false, x=0.0, y=44.0}
|
+--------&gt;MaterialTextView{id=2131362082, res-name=mealPrice, visibility=VISIBLE, width=107, height=60, has-focus=false, has-focusable=false, has-window-focus=true, is-clickable=false, is-enabled=true, is-focused=false, is-focusable=false, is-layout-requested=false, is-selected=false, layout-params=androidx.constraintlayout.widget.ConstraintLayout$LayoutParams&#64;ac0768f, tag=null, root-is-layout-requested=false, has-input-connection=false, x=0.0, y=151.0, text=Price: ksh.350, input-type=0, ime-target=false, has-links=false}
|
+----&gt;ActionBarContainer{id=2131361845, res-name=action_bar_container, visibility=VISIBLE, width=540, height=84, has-focus=false, has-focusable=false, has-window-focus=true, is-clickable=false, is-enabled=true, is-focused=false, is-focusable=false, is-layout-requested=false, is-selected=false, layout-params=androidx.appcompat.widget.ActionBarOverlayLayout$LayoutParams&#64;bfbfefa, tag=null, root-is-layout-requested=false, has-input-connection=false, x=0.0, y=0.0, child-count=2}
|
+-----&gt;Toolbar{id=2131361843, res-name=action_bar, visibility=VISIBLE, width=540, height=84, has-focus=false, has-focusable=false, has-window-focus=true, is-clickable=false, is-enabled=true, is-focused=false, is-focusable=false, is-layout-requested=false, is-selected=false, layout-params=android.widget.FrameLayout$LayoutParams&#64;b7b10c6, tag=null, root-is-layout-requested=false, has-input-connection=false, x=0.0, y=0.0, child-count=3}
|
+------&gt;AppCompatTextView{id=-1, visibility=VISIBLE, width=151, height=37, has-focus=false, has-focusable=false, has-window-focus=true, is-clickable=false, is-enabled=true, is-focused=false, is-focusable=false, is-layout-requested=false, is-selected=false, layout-params=androidx.appcompat.widget.Toolbar$LayoutParams&#64;1a6a887, tag=null, root-is-layout-requested=false, has-input-connection=false, x=108.0, y=23.0, text=MuvkinTours, input-type=0, ime-target=false, has-links=false}
|
+------&gt;AppCompatImageButton{id=-1, desc=Navigate up, visibility=VISIBLE, width=69, height=84, has-focus=false, has-focusable=false, has-window-focus=true, is-clickable=true, is-enabled=true, is-focused=false, is-focusable=true, is-layout-requested=false, is-selected=false, layout-params=androidx.appcompat.widget.Toolbar$LayoutParams&#64;ab913b4, tag=null, root-is-layout-requested=false, has-input-connection=false, x=0.0, y=0.0}
|
+------&gt;ActionMenuView{id=-1, visibility=VISIBLE, width=0, height=84, has-focus=false, has-focusable=false, has-window-focus=true, is-clickable=false, is-enabled=true, is-focused=false, is-focusable=false, is-layout-requested=false, is-selected=false, layout-params=androidx.appcompat.widget.Toolbar$LayoutParams&#64;6066bdd, tag=null, root-is-layout-requested=false, has-input-connection=false, x=540.0, y=0.0, child-count=0}
|
+-----&gt;ActionBarContextView{id=2131361851, res-name=action_context_bar, visibility=GONE, width=0, height=0, has-focus=false, has-focusable=false, has-window-focus=true, is-clickable=false, is-enabled=true, is-focused=false, is-focusable=false, is-layout-requested=true, is-selected=false, layout-params=android.widget.FrameLayout$LayoutParams&#64;f877352, tag=null, root-is-layout-requested=false, has-input-connection=false, x=0.0, y=0.0, child-count=0}
|
+-&gt;View{id=16908335, res-name=statusBarBackground, visibility=VISIBLE, width=540, height=36, has-focus=false, has-focusable=false, has-window-focus=true, is-clickable=false, is-enabled=true, is-focused=false, is-focusable=false, is-layout-requested=false, is-selected=false, layout-params=android.widget.FrameLayout$LayoutParams&#64;53b4623, tag=null, root-is-layout-requested=false, has-input-connection=false, x=0.0, y=0.0}
at dalvik.system.VMStack.getThreadStackTrace(Native Method)
at java.lang.Thread.getStackTrace(Thread.java:580)
at androidx.test.espresso.base.DefaultFailureHandler.getUserFriendlyError(DefaultFailureHandler.java:12)
at androidx.test.espresso.base.DefaultFailureHandler.handle(DefaultFailureHandler.java:7)
at androidx.test.espresso.ViewInteraction.waitForAndHandleInteractionResults(ViewInteraction.java:8)
at androidx.test.espresso.ViewInteraction.desugaredPerform(ViewInteraction.java:11)
at androidx.test.espresso.ViewInteraction.perform(ViewInteraction.java:4)
at com.example.muvkintours.MealActivityInstrumentedTest.clickMealItem(MealActivityInstrumentedTest.java:31)</failure>
  </testcase>
</testsuite>